<?xml version="1.0" encoding="UTF-8"?>
<testsuite xmlns:xsi="http://www.w3.org/2001/XMLSchema-instance" xsi:noNamespaceSchemaLocation="https://maven.apache.org/surefire/maven-surefire-plugin/xsd/surefire-test-report-3.0.xsd" version="3.0" name="kelompok1.example.AppTest" time="0.062" tests="3" errors="0" skipped="0" failures="0">
  <properties>
[...]
</properties>
  <testcase name="testGreetWithEmptyString" classname="kelompok1.example.AppTest" time="0.011"/>
  <testcase name="testGreetWithSpecialCharacters" classname="kelompok1.example.AppTest" time="0.0"/>
  <testcase name="testGreetWithNormalName" classname="kelompok1.example.AppTest" time="0.0"/>
</testsuite>